<?xml version="1.0" encoding="UTF-8"?>
<TestRun id="61553688-7e89-4eaf-9478-d83f5735b02f" name="costler@COSTLER-MALI 2011-06-27 15:11:42" runUser="costler-mali\costler" xmlns="http://microsoft.com/schemas/VisualStudio/TeamTest/2010">
  <TestSettings name="Local" id="eb018efc-5fa8-4894-bbc4-5a79bd0fd617">
    <Description>These are default test settings for a local test run.</Description>
    <Deployment enabled="false" runDeploymentRoot="costler_COSTLER-MALI 2011-06-27 15_11_42">
      <DeploymentItem filename="C:\src\GMAUtils\DisplaySpring\DisplaySpring.dll" />
    </Deployment>
    <Execution>
      <TestTypeSpecific />
      <AgentRule name="Execution Agents">
      </AgentRule>
    </Execution>
  </TestSettings>
  <Times creation="2011-06-27T15:11:42.4983204-06:00" queuing="2011-06-27T15:11:45.4984920-06:00" start="2011-06-27T15:11:45.6875029-06:00" finish="2011-06-27T15:11:47.1695876-06:00" />
  <ResultSummary outcome="Completed">
    <Counters total="1" executed="1" passed="1" error="0" failed="0" timeout="0" aborted="0" inconclusive="0" passedButRunAborted="0" notRunnable="0" notExecuted="0" disconnected="0" warning="0" completed="0" inProgress="0" pending="0" />
  </ResultSummary>
  <TestDefinitions>
    <UnitTest name="TestMethod1" storage="c:\src\gmautils\displayspring\displayspringtest\bin\release\displayspringtest.dll" id="a47e2238-04a1-bf49-10d3-aaecbf444bb5">
      <Execution id="93df6b11-34d2-41b6-a727-cf9d4e470c34" />
      <TestMethod codeBase="C:/src/GMAUtils/DisplaySpring/DisplaySpringTest/bin/Release/DisplaySpringTest.DLL" adapterTypeName="Microsoft.VisualStudio.TestTools.TestTypes.Unit.UnitTestAdapter, Microsoft.VisualStudio.QualityTools.Tips.UnitTest.Adapter, Version=10.0.0.0, Culture=neutral, PublicKeyToken=b03f5f7f11d50a3a" className="DisplaySpringTest.UnitTest1, DisplaySpringTest, Version=1.0.0.0, Culture=neutral, PublicKeyToken=null" name="TestMethod1" />
    </UnitTest>
  </TestDefinitions>
  <TestLists>
    <TestList name="Results Not in a List" id="8c84fa94-04c1-424b-9868-57a2d4851a1d" />
    <TestList name="All Loaded Results" id="19431567-8539-422a-85d7-44ee4e166bda" />
  </TestLists>
  <TestEntries>
    <TestEntry testId="a47e2238-04a1-bf49-10d3-aaecbf444bb5" executionId="93df6b11-34d2-41b6-a727-cf9d4e470c34" testListId="8c84fa94-04c1-424b-9868-57a2d4851a1d" />
  </TestEntries>
  <Results>
    <UnitTestResult executionId="93df6b11-34d2-41b6-a727-cf9d4e470c34" testId="a47e2238-04a1-bf49-10d3-aaecbf444bb5" testName="TestMethod1" computerName="COSTLER-MALI" duration="00:00:00.0113191" startTime="2011-06-27T15:11:45.7545067-06:00" endTime="2011-06-27T15:11:46.8595699-06:00" testType="13cdc9d9-ddb5-4fa4-a97d-d965ccfc6d4b" outcome="Passed" testListId="8c84fa94-04c1-424b-9868-57a2d4851a1d" relativeResultsDirectory="93df6b11-34d2-41b6-a727-cf9d4e470c34">
    </UnitTestResult>
  </Results>
</TestRun>